0 info it worked if it ends with ok
1 verbose cli [ 'D:\\node.exe',
1 verbose cli   'C:\\Users\\AR388689\\AppData\\Roaming\\npm\\node_modules\\npm\\bin\\npm-cli.js',
1 verbose cli   'start' ]
2 info using npm@5.5.1
3 info using node@v8.9.1
4 verbose run-script [ 'prestart', 'start', 'poststart' ]
5 info lifecycle bookstore@0.0.0~prestart: bookstore@0.0.0
6 info lifecycle bookstore@0.0.0~start: bookstore@0.0.0
7 verbose lifecycle bookstore@0.0.0~start: unsafe-perm in lifecycle true
8 verbose lifecycle bookstore@0.0.0~start: PATH: C:\Users\AR388689\AppData\Roaming\npm\node_modules\npm\bin\node-gyp-bin;D:\fullstack\expressjs_ws\bookstore\node_modules\.bin;C:\Program Files (x86)\Intel\iCLS Client\;C:\Program Files\Intel\iCLS Client\;C:\ProgramData\Oracle\Java\javapath;C:\windows\system32;C:\windows;C:\windows\System32\Wbem;C:\windows\System32\WindowsPowerShell\v1.0\;C:\Program Files (x86)\Intel\Intel(R) Management Engine Components\DAL;C:\Program Files\Intel\Intel(R) Management Engine Components\DAL;C:\Program Files (x86)\Intel\Intel(R) Management Engine Components\IPT;C:\Program Files\Intel\Intel(R) Management Engine Components\IPT;D:\;C:\Program Files\Intel\WiFi\bin\;C:\Program Files\Common Files\Intel\WirelessCommon\;C:\Program Files\nodejs\;C:\Program Files (x86)\Microsoft SQL Server\100\Tools\Binn\;C:\Program Files\Microsoft SQL Server\100\Tools\Binn\;C:\Program Files\Microsoft SQL Server\100\DTS\Binn\;C:\Users\AR388689\AppData\Local\Microsoft\WindowsApps;C:\Users\AR388689\AppData\Roaming\npm
9 verbose lifecycle bookstore@0.0.0~start: CWD: D:\fullstack\expressjs_ws\bookstore
10 silly lifecycle bookstore@0.0.0~start: Args: [ '/d /s /c', 'node ./bin/www' ]
11 silly lifecycle bookstore@0.0.0~start: Returned: code: 1  signal: null
12 info lifecycle bookstore@0.0.0~start: Failed to exec start script
13 verbose stack Error: bookstore@0.0.0 start: `node ./bin/www`
13 verbose stack Exit status 1
13 verbose stack     at EventEmitter.<anonymous> (C:\Users\AR388689\AppData\Roaming\npm\node_modules\npm\node_modules\npm-lifecycle\index.js:280:16)
13 verbose stack     at emitTwo (events.js:126:13)
13 verbose stack     at EventEmitter.emit (events.js:214:7)
13 verbose stack     at ChildProcess.<anonymous> (C:\Users\AR388689\AppData\Roaming\npm\node_modules\npm\node_modules\npm-lifecycle\lib\spawn.js:55:14)
13 verbose stack     at emitTwo (events.js:126:13)
13 verbose stack     at ChildProcess.emit (events.js:214:7)
13 verbose stack     at maybeClose (internal/child_process.js:925:16)
13 verbose stack     at Process.ChildProcess._handle.onexit (internal/child_process.js:209:5)
14 verbose pkgid bookstore@0.0.0
15 verbose cwd D:\fullstack\expressjs_ws\bookstore
16 verbose Windows_NT 10.0.14393
17 verbose argv "D:\\node.exe" "C:\\Users\\AR388689\\AppData\\Roaming\\npm\\node_modules\\npm\\bin\\npm-cli.js" "start"
18 verbose node v8.9.1
19 verbose npm  v5.5.1
20 error code ELIFECYCLE
21 error errno 1
22 error bookstore@0.0.0 start: `node ./bin/www`
22 error Exit status 1
23 error Failed at the bookstore@0.0.0 start script.
23 error This is probably not a problem with npm. There is likely additional logging output above.
24 verbose exit [ 1, true ]
